Startpoint: _23556_ (rising edge-triggered flip-flop clocked by clk)
Endpoint: _17335_ (rising edge-triggered flip-flop clocked by clk)
Path Group: clk
Path Type: max

  Delay    Time   Description
---------------------------------------------------------
   0.00    0.00   clock clk (rise edge)
   0.59    0.59   clock network delay (propagated)
   0.00    0.59 ^ _23556_/CLK (sky130_fd_sc_hd__dfxtp_4)
   1.36    1.96 ^ _23556_/Q (sky130_fd_sc_hd__dfxtp_4)
   0.32    2.27 ^ load_slew221/X (sky130_fd_sc_hd__buf_8)
   0.12    2.39 v _16544_/Y (sky130_fd_sc_hd__nand2_1)
   0.30    2.69 ^ _16852_/Y (sky130_fd_sc_hd__xnor2_1)
   0.10    2.79 v _16853_/Y (sky130_fd_sc_hd__clkinv_1)
   0.36    3.15 v _16856_/X (sky130_fd_sc_hd__maj3_1)
   0.39    3.54 v _16858_/X (sky130_fd_sc_hd__maj3_1)
   0.39    3.93 v _16860_/X (sky130_fd_sc_hd__maj3_1)
   0.39    4.33 v _16862_/X (sky130_fd_sc_hd__maj3_1)
   0.39    4.72 v _16864_/X (sky130_fd_sc_hd__maj3_1)
   0.39    5.11 v _16866_/X (sky130_fd_sc_hd__maj3_1)
   0.39    5.50 v _16868_/X (sky130_fd_sc_hd__maj3_1)
   0.39    5.89 v _16870_/X (sky130_fd_sc_hd__maj3_1)
   0.39    6.28 v _16872_/X (sky130_fd_sc_hd__maj3_1)
   0.39    6.68 v _16873_/X (sky130_fd_sc_hd__maj3_1)
   0.39    7.07 v _16875_/X (sky130_fd_sc_hd__maj3_1)
   0.39    7.46 v _16876_/X (sky130_fd_sc_hd__maj3_1)
   0.39    7.85 v _16878_/X (sky130_fd_sc_hd__maj3_1)
   0.39    8.24 v _16879_/X (sky130_fd_sc_hd__maj3_1)
   0.39    8.63 v _16881_/X (sky130_fd_sc_hd__maj3_1)
   0.39    9.02 v _16883_/X (sky130_fd_sc_hd__maj3_1)
   0.39    9.42 v _16885_/X (sky130_fd_sc_hd__maj3_1)
   0.39    9.81 v _16886_/X (sky130_fd_sc_hd__maj3_1)
   0.39   10.20 v _16888_/X (sky130_fd_sc_hd__maj3_1)
   0.39   10.59 v _16889_/X (sky130_fd_sc_hd__maj3_1)
   0.39   10.99 v _16891_/X (sky130_fd_sc_hd__maj3_1)
   0.39   11.38 v _16892_/X (sky130_fd_sc_hd__maj3_1)
   0.39   11.77 v _16894_/X (sky130_fd_sc_hd__maj3_1)
   0.39   12.16 v _16896_/X (sky130_fd_sc_hd__maj3_1)
   0.39   12.55 v _16898_/X (sky130_fd_sc_hd__maj3_1)
   0.39   12.95 v _16899_/X (sky130_fd_sc_hd__maj3_1)
   0.39   13.34 v _16901_/X (sky130_fd_sc_hd__maj3_1)
   0.39   13.73 v _16903_/X (sky130_fd_sc_hd__maj3_1)
   0.39   14.12 v _16905_/X (sky130_fd_sc_hd__maj3_1)
   0.35   14.47 v _17181_/X (sky130_fd_sc_hd__maj3_1)
   0.17   14.64 v _17183_/X (sky130_fd_sc_hd__and2_0)
   0.45   15.09 v _17296_/X (sky130_fd_sc_hd__or4_1)
   0.15   15.25 ^ _17298_/Y (sky130_fd_sc_hd__a31oi_1)
   0.00   15.25 ^ _17335_/D (sky130_fd_sc_hd__dfrtp_1)
          15.25   data arrival time

  42.00   42.00   clock clk (rise edge)
   0.60   42.60   clock network delay (propagated)
  -0.10   42.50   clock uncertainty
   0.00   42.50   clock reconvergence pessimism
          42.50 ^ _17335_/CLK (sky130_fd_sc_hd__dfrtp_1)
  -0.07   42.43   library setup time
          42.43   data required time
---------------------------------------------------------
          42.43   data required time
         -15.25   data arrival time
---------------------------------------------------------
          27.18   slack (MET)


