Startpoint: _22539_ (rising edge-triggered flip-flop clocked by clk)
Endpoint: _22539_ (rising edge-triggered flip-flop clocked by clk)
Path Group: clk
Path Type: min

  Delay    Time   Description
---------------------------------------------------------
   0.00    0.00   clock clk (rise edge)
   0.00    0.00   clock network delay (ideal)
   0.00    0.00 ^ _22539_/CLK (sky130_fd_sc_hd__dfxtp_1)
   0.29    0.29 v _22539_/Q (sky130_fd_sc_hd__dfxtp_1)
   0.05    0.34 ^ _19581_/Y (sky130_fd_sc_hd__nand2_1)
   0.03    0.37 v _19585_/Y (sky130_fd_sc_hd__nand2_1)
   0.00    0.37 v _22539_/D (sky130_fd_sc_hd__dfxtp_1)
           0.37   data arrival time

   0.00    0.00   clock clk (rise edge)
   0.00    0.00   clock network delay (ideal)
   0.00    0.00   clock reconvergence pessimism
           0.00 ^ _22539_/CLK (sky130_fd_sc_hd__dfxtp_1)
  -0.05   -0.05   library hold time
          -0.05   data required time
---------------------------------------------------------
          -0.05   data required time
          -0.37   data arrival time
---------------------------------------------------------
           0.42   slack (MET)


