Startpoint: _22539_ (rising edge-triggered flip-flop clocked by clk)
Endpoint: _22539_ (rising edge-triggered flip-flop clocked by clk)
Path Group: clk
Path Type: min

  Delay    Time   Description
---------------------------------------------------------
   0.00    0.00   clock clk (rise edge)
   0.57    0.57   clock network delay (propagated)
   0.00    0.57 ^ _22539_/CLK (sky130_fd_sc_hd__dfxtp_1)
   0.30    0.88 v _22539_/Q (sky130_fd_sc_hd__dfxtp_1)
   0.05    0.92 ^ _19581_/Y (sky130_fd_sc_hd__nand2_1)
   0.03    0.96 v _19585_/Y (sky130_fd_sc_hd__nand2_1)
   0.00    0.96 v _22539_/D (sky130_fd_sc_hd__dfxtp_1)
           0.96   data arrival time

   0.00    0.00   clock clk (rise edge)
   0.57    0.57   clock network delay (propagated)
   0.10    0.67   clock uncertainty
   0.00    0.67   clock reconvergence pessimism
           0.67 ^ _22539_/CLK (sky130_fd_sc_hd__dfxtp_1)
  -0.05    0.63   library hold time
           0.63   data required time
---------------------------------------------------------
           0.63   data required time
          -0.96   data arrival time
---------------------------------------------------------
           0.33   slack (MET)


